A: Si
S: dia
a: 5.43
N: 333 [216]
true: -1000.168417
init: -940.777235
----------------------------------------------
 cg  0: -967.826226
 cg  1: -991.709230
 cg  2: -996.414952
 cg  3: -997.940114
 cg  4: -998.844987
 cg  5: -999.289002
 cg  6: -999.555019
 cg  7: -999.732245
 cg  8: -999.882130
 cg  9: -999.994420
 cg 10: -1000.062919
 cg 11: -1000.103690
 cg 12: -1000.126360
 cg 13: -1000.138394
 cg 14: -1000.145370
 cg 15: -1000.149706
 cg 16: -1000.153165
 cg 17: -1000.156784
 cg 18: -1000.159954
 cg 19: -1000.162137
 cg 20: -1000.163759
 cg 21: -1000.164996
 cg 22: -1000.165823
 cg 23: -1000.166420
 cg 24: -1000.166929
 cg 25: -1000.167350
 cg 26: -1000.167672
 cg 27: -1000.167909
 cg 28: -1000.168074
 cg 29: -1000.168183
 cg 30: -1000.168248
 cg 31: -1000.168289
 cg 32: -1000.168320
 cg 33: -1000.168342
 cg 34: -1000.168358
 cg 35: -1000.168376
 cg 36: -1000.168391
 cg 37: -1000.168400
----------------------------------------------
conv: -1000.168400
